2025-11-08 13:22:13 [TP15] [main] INFO  m.e.t.Tp15MonitoringApplication - Starting Tp15MonitoringApplication using Java 21.0.7 with PID 17432 (C:\Users\sweet\Desktop\tp15-monitoring\target\classes started by sweet in C:\Users\sweet\Desktop\tp15-monitoring)
2025-11-08 13:22:13 [TP15] [main] DEBUG m.e.t.Tp15MonitoringApplication - Running with Spring Boot v3.5.7, Spring v6.2.12
2025-11-08 13:22:13 [TP15] [main] INFO  m.e.t.Tp15MonitoringApplication - No active profile set, falling back to 1 default profile: "default"
2025-11-08 13:22:14 [TP15] [main] INFO  o.s.b.w.e.tomcat.TomcatWebServer - Tomcat initialized with port 8080 (http)
2025-11-08 13:22:14 [TP15] [main] INFO  o.a.catalina.core.StandardService - Starting service [Tomcat]
2025-11-08 13:22:14 [TP15] [main] INFO  o.a.catalina.core.StandardEngine - Starting Servlet engine: [Apache Tomcat/10.1.48]
2025-11-08 13:22:14 [TP15] [main] INFO  o.a.c.c.C.[Tomcat].[localhost].[/] - Initializing Spring embedded WebApplicationContext
2025-11-08 13:22:14 [TP15] [main] INFO  o.s.b.w.s.c.ServletWebServerApplicationContext - Root WebApplicationContext: initialization completed in 1091 ms
2025-11-08 13:22:15 [TP15] [main] WARN  o.s.b.a.t.ThymeleafAutoConfiguration$DefaultTemplateResolverConfiguration - Cannot find template location: classpath:/templates/ (please add some templates, check your Thymeleaf configuration, or set spring.thymeleaf.check-template-location=false)
2025-11-08 13:22:15 [TP15] [main] INFO  o.s.b.a.e.web.EndpointLinksResolver - Exposing 15 endpoints beneath base path '/actuator'
2025-11-08 13:22:15 [TP15] [main] INFO  o.s.b.w.e.tomcat.TomcatWebServer - Tomcat started on port 8080 (http) with context path '/'
2025-11-08 13:22:15 [TP15] [main] INFO  m.e.t.Tp15MonitoringApplication - Started Tp15MonitoringApplication in 2.431 seconds (process running for 3.206)
2025-11-08 13:22:48 [TP15] [http-nio-8080-exec-1] INFO  o.a.c.c.C.[Tomcat].[localhost].[/] - Initializing Spring DispatcherServlet 'dispatcherServlet'
2025-11-08 13:22:48 [TP15] [http-nio-8080-exec-1] INFO  o.s.web.servlet.DispatcherServlet - Initializing Servlet 'dispatcherServlet'
2025-11-08 13:22:48 [TP15] [http-nio-8080-exec-1] INFO  o.s.web.servlet.DispatcherServlet - Completed initialization in 0 ms
2025-11-08 13:22:57 [TP15] [http-nio-8080-exec-4] INFO  m.e.t.service.DemoService - TP15 - Démarrage du traitement des données
2025-11-08 13:22:58 [TP15] [http-nio-8080-exec-4] INFO  m.e.t.service.DemoService - TP15 - Traitement terminé avec succès
2025-11-08 13:23:48 [TP15] [http-nio-8080-exec-3] INFO  m.e.t.service.DemoService - TP15 - Démarrage du traitement des données
2025-11-08 13:23:48 [TP15] [http-nio-8080-exec-3] INFO  m.e.t.service.DemoService - TP15 - Traitement terminé avec succès
2025-11-08 14:14:07 [TP15] [http-nio-8080-exec-10] INFO  m.e.t.service.DemoService - TP15 - Démarrage du traitement des données
2025-11-08 14:14:08 [TP15] [http-nio-8080-exec-10] INFO  m.e.t.service.DemoService - TP15 - Traitement terminé avec succès
2025-11-08 14:14:08 [TP15] [http-nio-8080-exec-1] INFO  m.e.t.service.DemoService - TP15 - Démarrage du traitement des données
2025-11-08 14:14:08 [TP15] [http-nio-8080-exec-1] INFO  m.e.t.service.DemoService - TP15 - Traitement terminé avec succès
2025-11-08 14:14:09 [TP15] [http-nio-8080-exec-2] INFO  m.e.t.service.DemoService - TP15 - Démarrage du traitement des données
2025-11-08 14:14:09 [TP15] [http-nio-8080-exec-2] INFO  m.e.t.service.DemoService - TP15 - Traitement terminé avec succès
2025-11-08 14:14:10 [TP15] [http-nio-8080-exec-3] INFO  m.e.t.service.DemoService - TP15 - Démarrage du traitement des données
2025-11-08 14:14:10 [TP15] [http-nio-8080-exec-3] INFO  m.e.t.service.DemoService - TP15 - Traitement terminé avec succès
2025-11-08 14:14:11 [TP15] [http-nio-8080-exec-4] INFO  m.e.t.service.DemoService - TP15 - Démarrage du traitement des données
2025-11-08 14:14:11 [TP15] [http-nio-8080-exec-4] INFO  m.e.t.service.DemoService - TP15 - Traitement terminé avec succès
2025-11-08 14:14:11 [TP15] [http-nio-8080-exec-6] INFO  m.e.t.service.DemoService - TP15 - Démarrage du traitement des données
2025-11-08 14:14:12 [TP15] [http-nio-8080-exec-6] INFO  m.e.t.service.DemoService - TP15 - Traitement terminé avec succès
2025-11-08 14:14:12 [TP15] [http-nio-8080-exec-5] INFO  m.e.t.service.DemoService - TP15 - Démarrage du traitement des données
2025-11-08 14:14:13 [TP15] [http-nio-8080-exec-5] INFO  m.e.t.service.DemoService - TP15 - Traitement terminé avec succès
2025-11-08 14:14:13 [TP15] [http-nio-8080-exec-7] INFO  m.e.t.service.DemoService - TP15 - Démarrage du traitement des données
2025-11-08 14:14:14 [TP15] [http-nio-8080-exec-7] INFO  m.e.t.service.DemoService - TP15 - Traitement terminé avec succès
2025-11-08 14:14:14 [TP15] [http-nio-8080-exec-8] INFO  m.e.t.service.DemoService - TP15 - Démarrage du traitement des données
2025-11-08 14:14:14 [TP15] [http-nio-8080-exec-8] INFO  m.e.t.service.DemoService - TP15 - Traitement terminé avec succès
2025-11-08 14:14:15 [TP15] [http-nio-8080-exec-9] INFO  m.e.t.service.DemoService - TP15 - Démarrage du traitement des données
2025-11-08 14:14:15 [TP15] [http-nio-8080-exec-9] INFO  m.e.t.service.DemoService - TP15 - Traitement terminé avec succès
2025-11-08 14:14:16 [TP15] [http-nio-8080-exec-10] INFO  m.e.t.service.DemoService - TP15 - Démarrage du traitement des données
2025-11-08 14:14:16 [TP15] [http-nio-8080-exec-10] INFO  m.e.t.service.DemoService - TP15 - Traitement terminé avec succès
2025-11-08 14:14:17 [TP15] [http-nio-8080-exec-1] INFO  m.e.t.service.DemoService - TP15 - Démarrage du traitement des données
2025-11-08 14:14:17 [TP15] [http-nio-8080-exec-1] INFO  m.e.t.service.DemoService - TP15 - Traitement terminé avec succès
2025-11-08 14:14:18 [TP15] [http-nio-8080-exec-2] INFO  m.e.t.service.DemoService - TP15 - Démarrage du traitement des données
2025-11-08 14:14:18 [TP15] [http-nio-8080-exec-2] INFO  m.e.t.service.DemoService - TP15 - Traitement terminé avec succès
2025-11-08 14:14:18 [TP15] [http-nio-8080-exec-3] INFO  m.e.t.service.DemoService - TP15 - Démarrage du traitement des données
2025-11-08 14:14:19 [TP15] [http-nio-8080-exec-3] INFO  m.e.t.service.DemoService - TP15 - Traitement terminé avec succès
2025-11-08 14:14:19 [TP15] [http-nio-8080-exec-4] INFO  m.e.t.service.DemoService - TP15 - Démarrage du traitement des données
2025-11-08 14:14:20 [TP15] [http-nio-8080-exec-4] INFO  m.e.t.service.DemoService - TP15 - Traitement terminé avec succès
2025-11-08 14:14:20 [TP15] [http-nio-8080-exec-6] INFO  m.e.t.service.DemoService - TP15 - Démarrage du traitement des données
2025-11-08 14:14:21 [TP15] [http-nio-8080-exec-6] INFO  m.e.t.service.DemoService - TP15 - Traitement terminé avec succès
2025-11-08 14:14:21 [TP15] [http-nio-8080-exec-5] INFO  m.e.t.service.DemoService - TP15 - Démarrage du traitement des données
2025-11-08 14:14:22 [TP15] [http-nio-8080-exec-5] INFO  m.e.t.service.DemoService - TP15 - Traitement terminé avec succès
2025-11-08 14:14:22 [TP15] [http-nio-8080-exec-7] INFO  m.e.t.service.DemoService - TP15 - Démarrage du traitement des données
2025-11-08 14:14:22 [TP15] [http-nio-8080-exec-7] INFO  m.e.t.service.DemoService - TP15 - Traitement terminé avec succès
2025-11-08 14:14:23 [TP15] [http-nio-8080-exec-8] INFO  m.e.t.service.DemoService - TP15 - Démarrage du traitement des données
2025-11-08 14:14:23 [TP15] [http-nio-8080-exec-8] INFO  m.e.t.service.DemoService - TP15 - Traitement terminé avec succès
2025-11-08 14:14:24 [TP15] [http-nio-8080-exec-9] INFO  m.e.t.service.DemoService - TP15 - Démarrage du traitement des données
2025-11-08 14:14:24 [TP15] [http-nio-8080-exec-9] INFO  m.e.t.service.DemoService - TP15 - Traitement terminé avec succès
2025-11-08 14:51:02 [TP15] [http-nio-8080-exec-10] INFO  m.e.t.service.DemoService - TP15 - Démarrage du traitement des données
2025-11-08 14:51:03 [TP15] [http-nio-8080-exec-10] INFO  m.e.t.service.DemoService - TP15 - Traitement terminé avec succès
2025-11-08 14:51:05 [TP15] [http-nio-8080-exec-1] INFO  m.e.t.service.DemoService - TP15 - Démarrage du traitement des données
2025-11-08 14:51:05 [TP15] [http-nio-8080-exec-1] INFO  m.e.t.service.DemoService - TP15 - Traitement terminé avec succès
2025-11-08 14:51:07 [TP15] [http-nio-8080-exec-2] INFO  m.e.t.service.DemoService - TP15 - Démarrage du traitement des données
2025-11-08 14:51:07 [TP15] [http-nio-8080-exec-2] INFO  m.e.t.service.DemoService - TP15 - Traitement terminé avec succès
2025-11-08 14:51:09 [TP15] [http-nio-8080-exec-4] INFO  m.e.t.service.DemoService - TP15 - Démarrage du traitement des données
2025-11-08 14:51:10 [TP15] [http-nio-8080-exec-4] INFO  m.e.t.service.DemoService - TP15 - Traitement terminé avec succès
2025-11-08 14:51:12 [TP15] [http-nio-8080-exec-6] INFO  m.e.t.service.DemoService - TP15 - Démarrage du traitement des données
2025-11-08 14:51:12 [TP15] [http-nio-8080-exec-6] INFO  m.e.t.service.DemoService - TP15 - Traitement terminé avec succès
2025-11-08 14:51:14 [TP15] [http-nio-8080-exec-7] INFO  m.e.t.service.DemoService - TP15 - Démarrage du traitement des données
2025-11-08 14:51:15 [TP15] [http-nio-8080-exec-7] INFO  m.e.t.service.DemoService - TP15 - Traitement terminé avec succès
2025-11-08 14:51:17 [TP15] [http-nio-8080-exec-8] INFO  m.e.t.service.DemoService - TP15 - Démarrage du traitement des données
2025-11-08 14:51:17 [TP15] [http-nio-8080-exec-8] INFO  m.e.t.service.DemoService - TP15 - Traitement terminé avec succès
2025-11-08 14:51:19 [TP15] [http-nio-8080-exec-10] INFO  m.e.t.service.DemoService - TP15 - Démarrage du traitement des données
2025-11-08 14:51:19 [TP15] [http-nio-8080-exec-10] INFO  m.e.t.service.DemoService - TP15 - Traitement terminé avec succès
2025-11-08 14:51:21 [TP15] [http-nio-8080-exec-1] INFO  m.e.t.service.DemoService - TP15 - Démarrage du traitement des données
2025-11-08 14:51:22 [TP15] [http-nio-8080-exec-1] INFO  m.e.t.service.DemoService - TP15 - Traitement terminé avec succès
2025-11-08 14:51:24 [TP15] [http-nio-8080-exec-2] INFO  m.e.t.service.DemoService - TP15 - Démarrage du traitement des données
2025-11-08 14:51:24 [TP15] [http-nio-8080-exec-2] INFO  m.e.t.service.DemoService - TP15 - Traitement terminé avec succès
2025-11-08 14:51:26 [TP15] [http-nio-8080-exec-4] INFO  m.e.t.service.DemoService - TP15 - Démarrage du traitement des données
2025-11-08 14:51:26 [TP15] [http-nio-8080-exec-4] INFO  m.e.t.service.DemoService - TP15 - Traitement terminé avec succès
2025-11-08 14:51:28 [TP15] [http-nio-8080-exec-5] INFO  m.e.t.service.DemoService - TP15 - Démarrage du traitement des données
2025-11-08 14:51:29 [TP15] [http-nio-8080-exec-5] INFO  m.e.t.service.DemoService - TP15 - Traitement terminé avec succès
2025-11-08 14:51:31 [TP15] [http-nio-8080-exec-7] INFO  m.e.t.service.DemoService - TP15 - Démarrage du traitement des données
2025-11-08 14:51:31 [TP15] [http-nio-8080-exec-7] INFO  m.e.t.service.DemoService - TP15 - Traitement terminé avec succès
2025-11-08 14:51:33 [TP15] [http-nio-8080-exec-9] INFO  m.e.t.service.DemoService - TP15 - Démarrage du traitement des données
2025-11-08 14:51:33 [TP15] [http-nio-8080-exec-9] INFO  m.e.t.service.DemoService - TP15 - Traitement terminé avec succès
2025-11-08 14:51:35 [TP15] [http-nio-8080-exec-10] INFO  m.e.t.service.DemoService - TP15 - Démarrage du traitement des données
2025-11-08 14:51:36 [TP15] [http-nio-8080-exec-10] INFO  m.e.t.service.DemoService - TP15 - Traitement terminé avec succès
2025-11-08 14:51:38 [TP15] [http-nio-8080-exec-3] INFO  m.e.t.service.DemoService - TP15 - Démarrage du traitement des données
2025-11-08 14:51:38 [TP15] [http-nio-8080-exec-3] INFO  m.e.t.service.DemoService - TP15 - Traitement terminé avec succès
2025-11-08 14:51:40 [TP15] [http-nio-8080-exec-2] INFO  m.e.t.service.DemoService - TP15 - Démarrage du traitement des données
2025-11-08 14:51:40 [TP15] [http-nio-8080-exec-2] INFO  m.e.t.service.DemoService - TP15 - Traitement terminé avec succès
2025-11-08 14:51:42 [TP15] [http-nio-8080-exec-6] INFO  m.e.t.service.DemoService - TP15 - Démarrage du traitement des données
2025-11-08 14:51:43 [TP15] [http-nio-8080-exec-6] INFO  m.e.t.service.DemoService - TP15 - Traitement terminé avec succès
2025-11-08 14:51:45 [TP15] [http-nio-8080-exec-5] INFO  m.e.t.service.DemoService - TP15 - Démarrage du traitement des données
2025-11-08 14:51:45 [TP15] [http-nio-8080-exec-5] INFO  m.e.t.service.DemoService - TP15 - Traitement terminé avec succès
2025-11-08 14:51:47 [TP15] [http-nio-8080-exec-8] INFO  m.e.t.service.DemoService - TP15 - Démarrage du traitement des données
2025-11-08 14:51:48 [TP15] [http-nio-8080-exec-8] INFO  m.e.t.service.DemoService - TP15 - Traitement terminé avec succès
2025-11-08 14:59:28 [TP15] [http-nio-8080-exec-3] INFO  m.e.t.service.DemoService - TP15 - Démarrage du traitement des données
2025-11-08 14:59:29 [TP15] [http-nio-8080-exec-3] INFO  m.e.t.service.DemoService - TP15 - Traitement terminé avec succès
2025-11-08 14:59:30 [TP15] [http-nio-8080-exec-2] INFO  m.e.t.service.DemoService - TP15 - Démarrage du traitement des données
2025-11-08 14:59:30 [TP15] [http-nio-8080-exec-2] INFO  m.e.t.service.DemoService - TP15 - Traitement terminé avec succès
2025-11-08 14:59:31 [TP15] [http-nio-8080-exec-4] INFO  m.e.t.service.DemoService - TP15 - Démarrage du traitement des données
2025-11-08 14:59:32 [TP15] [http-nio-8080-exec-4] INFO  m.e.t.service.DemoService - TP15 - Traitement terminé avec succès
2025-11-08 14:59:33 [TP15] [http-nio-8080-exec-5] INFO  m.e.t.service.DemoService - TP15 - Démarrage du traitement des données
2025-11-08 14:59:33 [TP15] [http-nio-8080-exec-5] INFO  m.e.t.service.DemoService - TP15 - Traitement terminé avec succès
2025-11-08 14:59:34 [TP15] [http-nio-8080-exec-7] INFO  m.e.t.service.DemoService - TP15 - Démarrage du traitement des données
2025-11-08 14:59:34 [TP15] [http-nio-8080-exec-7] INFO  m.e.t.service.DemoService - TP15 - Traitement terminé avec succès
2025-11-08 14:59:35 [TP15] [http-nio-8080-exec-8] INFO  m.e.t.service.DemoService - TP15 - Démarrage du traitement des données
2025-11-08 14:59:36 [TP15] [http-nio-8080-exec-8] INFO  m.e.t.service.DemoService - TP15 - Traitement terminé avec succès
2025-11-08 14:59:37 [TP15] [http-nio-8080-exec-9] INFO  m.e.t.service.DemoService - TP15 - Démarrage du traitement des données
2025-11-08 14:59:37 [TP15] [http-nio-8080-exec-9] INFO  m.e.t.service.DemoService - TP15 - Traitement terminé avec succès
2025-11-08 14:59:38 [TP15] [http-nio-8080-exec-1] INFO  m.e.t.service.DemoService - TP15 - Démarrage du traitement des données
2025-11-08 14:59:38 [TP15] [http-nio-8080-exec-1] INFO  m.e.t.service.DemoService - TP15 - Traitement terminé avec succès
2025-11-08 14:59:39 [TP15] [http-nio-8080-exec-3] INFO  m.e.t.service.DemoService - TP15 - Démarrage du traitement des données
2025-11-08 14:59:40 [TP15] [http-nio-8080-exec-3] INFO  m.e.t.service.DemoService - TP15 - Traitement terminé avec succès
2025-11-08 14:59:41 [TP15] [http-nio-8080-exec-2] INFO  m.e.t.service.DemoService - TP15 - Démarrage du traitement des données
2025-11-08 14:59:41 [TP15] [http-nio-8080-exec-2] INFO  m.e.t.service.DemoService - TP15 - Traitement terminé avec succès
2025-11-08 14:59:42 [TP15] [http-nio-8080-exec-6] INFO  m.e.t.service.DemoService - TP15 - Démarrage du traitement des données
2025-11-08 14:59:43 [TP15] [http-nio-8080-exec-6] INFO  m.e.t.service.DemoService - TP15 - Traitement terminé avec succès
2025-11-08 14:59:44 [TP15] [http-nio-8080-exec-5] INFO  m.e.t.service.DemoService - TP15 - Démarrage du traitement des données
2025-11-08 14:59:44 [TP15] [http-nio-8080-exec-5] INFO  m.e.t.service.DemoService - TP15 - Traitement terminé avec succès
2025-11-08 14:59:45 [TP15] [http-nio-8080-exec-7] INFO  m.e.t.service.DemoService - TP15 - Démarrage du traitement des données
2025-11-08 14:59:45 [TP15] [http-nio-8080-exec-7] INFO  m.e.t.service.DemoService - TP15 - Traitement terminé avec succès
2025-11-08 14:59:46 [TP15] [http-nio-8080-exec-8] INFO  m.e.t.service.DemoService - TP15 - Démarrage du traitement des données
2025-11-08 14:59:47 [TP15] [http-nio-8080-exec-8] INFO  m.e.t.service.DemoService - TP15 - Traitement terminé avec succès
2025-11-08 14:59:48 [TP15] [http-nio-8080-exec-10] INFO  m.e.t.service.DemoService - TP15 - Démarrage du traitement des données
2025-11-08 14:59:48 [TP15] [http-nio-8080-exec-10] INFO  m.e.t.service.DemoService - TP15 - Traitement terminé avec succès
2025-11-08 15:48:47 [TP15] [http-nio-8080-exec-7] INFO  m.e.t.service.DemoService - TP15 - Démarrage du traitement des données
2025-11-08 15:48:47 [TP15] [http-nio-8080-exec-7] INFO  m.e.t.service.DemoService - TP15 - Traitement terminé avec succès
2025-11-08 15:48:55 [TP15] [http-nio-8080-exec-2] INFO  m.e.t.service.DemoService - TP15 - Démarrage du traitement des données
2025-11-08 15:48:56 [TP15] [http-nio-8080-exec-2] INFO  m.e.t.service.DemoService - TP15 - Traitement terminé avec succès
2025-11-08 15:49:04 [TP15] [http-nio-8080-exec-9] INFO  m.e.t.service.DemoService - TP15 - Démarrage du traitement des données
2025-11-08 15:49:04 [TP15] [http-nio-8080-exec-9] INFO  m.e.t.service.DemoService - TP15 - Traitement terminé avec succès
2025-11-08 15:52:05 [TP15] [http-nio-8080-exec-10] INFO  m.e.t.service.DemoService - TP15 - Démarrage du traitement des données
2025-11-08 15:52:05 [TP15] [http-nio-8080-exec-10] INFO  m.e.t.service.DemoService - TP15 - Traitement terminé avec succès
2025-11-08 15:52:05 [TP15] [http-nio-8080-exec-1] INFO  m.e.t.service.DemoService - TP15 - Démarrage du traitement des données
2025-11-08 15:52:05 [TP15] [http-nio-8080-exec-1] INFO  m.e.t.service.DemoService - TP15 - Traitement terminé avec succès
2025-11-08 15:52:05 [TP15] [http-nio-8080-exec-3] INFO  m.e.t.service.DemoService - TP15 - Démarrage du traitement des données
2025-11-08 15:52:06 [TP15] [http-nio-8080-exec-3] INFO  m.e.t.service.DemoService - TP15 - Traitement terminé avec succès
2025-11-08 15:52:07 [TP15] [http-nio-8080-exec-2] INFO  m.e.t.service.DemoService - TP15 - Démarrage du traitement des données
2025-11-08 15:52:07 [TP15] [http-nio-8080-exec-2] INFO  m.e.t.service.DemoService - TP15 - Traitement terminé avec succès
2025-11-08 15:52:07 [TP15] [http-nio-8080-exec-6] INFO  m.e.t.service.DemoService - TP15 - Démarrage du traitement des données
2025-11-08 15:52:08 [TP15] [http-nio-8080-exec-6] INFO  m.e.t.service.DemoService - TP15 - Traitement terminé avec succès
2025-11-08 15:52:08 [TP15] [http-nio-8080-exec-5] INFO  m.e.t.service.DemoService - TP15 - Démarrage du traitement des données
2025-11-08 15:52:08 [TP15] [http-nio-8080-exec-5] INFO  m.e.t.service.DemoService - TP15 - Traitement terminé avec succès
2025-11-08 15:52:10 [TP15] [http-nio-8080-exec-8] INFO  m.e.t.service.DemoService - TP15 - Démarrage du traitement des données
2025-11-08 15:52:10 [TP15] [http-nio-8080-exec-8] INFO  m.e.t.service.DemoService - TP15 - Traitement terminé avec succès
2025-11-08 15:52:10 [TP15] [http-nio-8080-exec-7] INFO  m.e.t.service.DemoService - TP15 - Démarrage du traitement des données
2025-11-08 15:52:11 [TP15] [http-nio-8080-exec-7] INFO  m.e.t.service.DemoService - TP15 - Traitement terminé avec succès
2025-11-08 15:52:11 [TP15] [http-nio-8080-exec-9] INFO  m.e.t.service.DemoService - TP15 - Démarrage du traitement des données
2025-11-08 15:52:11 [TP15] [http-nio-8080-exec-9] INFO  m.e.t.service.DemoService - TP15 - Traitement terminé avec succès
2025-11-08 15:52:13 [TP15] [http-nio-8080-exec-1] INFO  m.e.t.service.DemoService - TP15 - Démarrage du traitement des données
2025-11-08 15:52:14 [TP15] [http-nio-8080-exec-1] INFO  m.e.t.service.DemoService - TP15 - Traitement terminé avec succès
2025-11-08 15:52:14 [TP15] [http-nio-8080-exec-3] INFO  m.e.t.service.DemoService - TP15 - Démarrage du traitement des données
2025-11-08 15:52:14 [TP15] [http-nio-8080-exec-3] INFO  m.e.t.service.DemoService - TP15 - Traitement terminé avec succès
2025-11-08 15:52:14 [TP15] [http-nio-8080-exec-4] INFO  m.e.t.service.DemoService - TP15 - Démarrage du traitement des données
2025-11-08 15:52:15 [TP15] [http-nio-8080-exec-4] INFO  m.e.t.service.DemoService - TP15 - Traitement terminé avec succès
2025-11-08 15:52:17 [TP15] [http-nio-8080-exec-2] INFO  m.e.t.service.DemoService - TP15 - Démarrage du traitement des données
2025-11-08 15:52:17 [TP15] [http-nio-8080-exec-2] INFO  m.e.t.service.DemoService - TP15 - Traitement terminé avec succès
2025-11-08 15:52:17 [TP15] [http-nio-8080-exec-6] INFO  m.e.t.service.DemoService - TP15 - Démarrage du traitement des données
2025-11-08 15:52:17 [TP15] [http-nio-8080-exec-6] INFO  m.e.t.service.DemoService - TP15 - Traitement terminé avec succès
2025-11-08 15:52:17 [TP15] [http-nio-8080-exec-8] INFO  m.e.t.service.DemoService - TP15 - Démarrage du traitement des données
2025-11-08 15:52:18 [TP15] [http-nio-8080-exec-8] INFO  m.e.t.service.DemoService - TP15 - Traitement terminé avec succès
2025-11-08 15:52:19 [TP15] [http-nio-8080-exec-7] INFO  m.e.t.service.DemoService - TP15 - Démarrage du traitement des données
2025-11-08 15:52:19 [TP15] [http-nio-8080-exec-7] INFO  m.e.t.service.DemoService - TP15 - Traitement terminé avec succès
2025-11-08 15:52:19 [TP15] [http-nio-8080-exec-9] INFO  m.e.t.service.DemoService - TP15 - Démarrage du traitement des données
2025-11-08 15:52:20 [TP15] [http-nio-8080-exec-9] INFO  m.e.t.service.DemoService - TP15 - Traitement terminé avec succès
2025-11-08 15:52:20 [TP15] [http-nio-8080-exec-10] INFO  m.e.t.service.DemoService - TP15 - Démarrage du traitement des données
2025-11-08 15:52:20 [TP15] [http-nio-8080-exec-10] INFO  m.e.t.service.DemoService - TP15 - Traitement terminé avec succès
2025-11-08 15:52:22 [TP15] [http-nio-8080-exec-3] INFO  m.e.t.service.DemoService - TP15 - Démarrage du traitement des données
2025-11-08 15:52:23 [TP15] [http-nio-8080-exec-3] INFO  m.e.t.service.DemoService - TP15 - Traitement terminé avec succès
2025-11-08 15:52:23 [TP15] [http-nio-8080-exec-4] INFO  m.e.t.service.DemoService - TP15 - Démarrage du traitement des données
2025-11-08 15:52:23 [TP15] [http-nio-8080-exec-4] INFO  m.e.t.service.DemoService - TP15 - Traitement terminé avec succès
2025-11-08 15:52:23 [TP15] [http-nio-8080-exec-2] INFO  m.e.t.service.DemoService - TP15 - Démarrage du traitement des données
2025-11-08 15:52:23 [TP15] [http-nio-8080-exec-2] INFO  m.e.t.service.DemoService - TP15 - Traitement terminé avec succès
2025-11-08 15:52:24 [TP15] [http-nio-8080-exec-5] INFO  m.e.t.service.DemoService - TP15 - Démarrage du traitement des données
2025-11-08 15:52:25 [TP15] [http-nio-8080-exec-5] INFO  m.e.t.service.DemoService - TP15 - Traitement terminé avec succès
2025-11-08 15:52:25 [TP15] [http-nio-8080-exec-6] INFO  m.e.t.service.DemoService - TP15 - Démarrage du traitement des données
2025-11-08 15:52:25 [TP15] [http-nio-8080-exec-6] INFO  m.e.t.service.DemoService - TP15 - Traitement terminé avec succès
2025-11-08 15:52:25 [TP15] [http-nio-8080-exec-8] INFO  m.e.t.service.DemoService - TP15 - Démarrage du traitement des données
2025-11-08 15:52:25 [TP15] [http-nio-8080-exec-8] INFO  m.e.t.service.DemoService - TP15 - Traitement terminé avec succès
2025-11-08 15:52:27 [TP15] [http-nio-8080-exec-9] INFO  m.e.t.service.DemoService - TP15 - Démarrage du traitement des données
2025-11-08 15:52:28 [TP15] [http-nio-8080-exec-9] INFO  m.e.t.service.DemoService - TP15 - Traitement terminé avec succès
2025-11-08 15:52:28 [TP15] [http-nio-8080-exec-10] INFO  m.e.t.service.DemoService - TP15 - Démarrage du traitement des données
2025-11-08 15:52:28 [TP15] [http-nio-8080-exec-10] INFO  m.e.t.service.DemoService - TP15 - Traitement terminé avec succès
2025-11-08 15:52:28 [TP15] [http-nio-8080-exec-1] INFO  m.e.t.service.DemoService - TP15 - Démarrage du traitement des données
2025-11-08 15:52:28 [TP15] [http-nio-8080-exec-1] INFO  m.e.t.service.DemoService - TP15 - Traitement terminé avec succès
2025-11-08 15:52:30 [TP15] [http-nio-8080-exec-3] INFO  m.e.t.service.DemoService - TP15 - Démarrage du traitement des données
2025-11-08 15:52:31 [TP15] [http-nio-8080-exec-3] INFO  m.e.t.service.DemoService - TP15 - Traitement terminé avec succès
2025-11-08 15:52:31 [TP15] [http-nio-8080-exec-4] INFO  m.e.t.service.DemoService - TP15 - Démarrage du traitement des données
2025-11-08 15:52:31 [TP15] [http-nio-8080-exec-4] INFO  m.e.t.service.DemoService - TP15 - Traitement terminé avec succès
2025-11-08 15:52:31 [TP15] [http-nio-8080-exec-2] INFO  m.e.t.service.DemoService - TP15 - Démarrage du traitement des données
2025-11-08 15:52:31 [TP15] [http-nio-8080-exec-2] INFO  m.e.t.service.DemoService - TP15 - Traitement terminé avec succès
2025-11-08 15:52:32 [TP15] [http-nio-8080-exec-6] INFO  m.e.t.service.DemoService - TP15 - Démarrage du traitement des données
2025-11-08 15:52:33 [TP15] [http-nio-8080-exec-6] INFO  m.e.t.service.DemoService - TP15 - Traitement terminé avec succès
2025-11-08 15:52:33 [TP15] [http-nio-8080-exec-8] INFO  m.e.t.service.DemoService - TP15 - Démarrage du traitement des données
2025-11-08 15:52:33 [TP15] [http-nio-8080-exec-8] INFO  m.e.t.service.DemoService - TP15 - Traitement terminé avec succès
2025-11-08 15:52:33 [TP15] [http-nio-8080-exec-7] INFO  m.e.t.service.DemoService - TP15 - Démarrage du traitement des données
2025-11-08 15:52:34 [TP15] [http-nio-8080-exec-7] INFO  m.e.t.service.DemoService - TP15 - Traitement terminé avec succès
2025-11-08 15:52:36 [TP15] [http-nio-8080-exec-9] INFO  m.e.t.service.DemoService - TP15 - Démarrage du traitement des données
2025-11-08 15:52:36 [TP15] [http-nio-8080-exec-9] INFO  m.e.t.service.DemoService - TP15 - Traitement terminé avec succès
2025-11-08 15:52:36 [TP15] [http-nio-8080-exec-10] INFO  m.e.t.service.DemoService - TP15 - Démarrage du traitement des données
2025-11-08 15:52:36 [TP15] [http-nio-8080-exec-10] INFO  m.e.t.service.DemoService - TP15 - Traitement terminé avec succès
2025-11-08 15:52:36 [TP15] [http-nio-8080-exec-1] INFO  m.e.t.service.DemoService - TP15 - Démarrage du traitement des données
2025-11-08 15:52:37 [TP15] [http-nio-8080-exec-1] INFO  m.e.t.service.DemoService - TP15 - Traitement terminé avec succès
2025-11-08 15:52:39 [TP15] [http-nio-8080-exec-4] INFO  m.e.t.service.DemoService - TP15 - Démarrage du traitement des données
2025-11-08 15:52:39 [TP15] [http-nio-8080-exec-4] INFO  m.e.t.service.DemoService - TP15 - Traitement terminé avec succès
2025-11-08 15:52:39 [TP15] [http-nio-8080-exec-2] INFO  m.e.t.service.DemoService - TP15 - Démarrage du traitement des données
2025-11-08 15:52:40 [TP15] [http-nio-8080-exec-2] INFO  m.e.t.service.DemoService - TP15 - Traitement terminé avec succès
2025-11-08 15:52:40 [TP15] [http-nio-8080-exec-5] INFO  m.e.t.service.DemoService - TP15 - Démarrage du traitement des données
2025-11-08 15:52:40 [TP15] [http-nio-8080-exec-5] INFO  m.e.t.service.DemoService - TP15 - Traitement terminé avec succès
2025-11-08 15:52:41 [TP15] [http-nio-8080-exec-6] INFO  m.e.t.service.DemoService - TP15 - Démarrage du traitement des données
2025-11-08 15:52:41 [TP15] [http-nio-8080-exec-6] INFO  m.e.t.service.DemoService - TP15 - Traitement terminé avec succès
2025-11-08 15:52:41 [TP15] [http-nio-8080-exec-8] INFO  m.e.t.service.DemoService - TP15 - Démarrage du traitement des données
2025-11-08 15:52:42 [TP15] [http-nio-8080-exec-8] INFO  m.e.t.service.DemoService - TP15 - Traitement terminé avec succès
2025-11-08 15:52:42 [TP15] [http-nio-8080-exec-7] INFO  m.e.t.service.DemoService - TP15 - Démarrage du traitement des données
2025-11-08 15:52:42 [TP15] [http-nio-8080-exec-7] INFO  m.e.t.service.DemoService - TP15 - Traitement terminé avec succès
2025-11-08 15:52:43 [TP15] [http-nio-8080-exec-10] INFO  m.e.t.service.DemoService - TP15 - Démarrage du traitement des données
2025-11-08 15:52:43 [TP15] [http-nio-8080-exec-10] INFO  m.e.t.service.DemoService - TP15 - Traitement terminé avec succès
2025-11-08 15:52:43 [TP15] [http-nio-8080-exec-1] INFO  m.e.t.service.DemoService - TP15 - Démarrage du traitement des données
2025-11-08 15:52:44 [TP15] [http-nio-8080-exec-1] INFO  m.e.t.service.DemoService - TP15 - Traitement terminé avec succès
2025-11-08 15:52:44 [TP15] [http-nio-8080-exec-3] INFO  m.e.t.service.DemoService - TP15 - Démarrage du traitement des données
2025-11-08 15:52:44 [TP15] [http-nio-8080-exec-3] INFO  m.e.t.service.DemoService - TP15 - Traitement terminé avec succès
2025-11-08 15:52:46 [TP15] [http-nio-8080-exec-4] INFO  m.e.t.service.DemoService - TP15 - Démarrage du traitement des données
2025-11-08 15:52:46 [TP15] [http-nio-8080-exec-4] INFO  m.e.t.service.DemoService - TP15 - Traitement terminé avec succès
2025-11-08 15:52:46 [TP15] [http-nio-8080-exec-2] INFO  m.e.t.service.DemoService - TP15 - Démarrage du traitement des données
2025-11-08 15:52:47 [TP15] [http-nio-8080-exec-2] INFO  m.e.t.service.DemoService - TP15 - Traitement terminé avec succès
2025-11-08 15:52:47 [TP15] [http-nio-8080-exec-5] INFO  m.e.t.service.DemoService - TP15 - Démarrage du traitement des données
2025-11-08 15:52:47 [TP15] [http-nio-8080-exec-5] INFO  m.e.t.service.DemoService - TP15 - Traitement terminé avec succès
2025-11-08 15:52:48 [TP15] [http-nio-8080-exec-8] INFO  m.e.t.service.DemoService - TP15 - Démarrage du traitement des données
2025-11-08 15:52:48 [TP15] [http-nio-8080-exec-8] INFO  m.e.t.service.DemoService - TP15 - Traitement terminé avec succès
2025-11-08 15:52:48 [TP15] [http-nio-8080-exec-9] INFO  m.e.t.service.DemoService - TP15 - Démarrage du traitement des données
2025-11-08 15:52:49 [TP15] [http-nio-8080-exec-9] INFO  m.e.t.service.DemoService - TP15 - Traitement terminé avec succès
2025-11-08 15:52:49 [TP15] [http-nio-8080-exec-7] INFO  m.e.t.service.DemoService - TP15 - Démarrage du traitement des données
2025-11-08 15:52:49 [TP15] [http-nio-8080-exec-7] INFO  m.e.t.service.DemoService - TP15 - Traitement terminé avec succès
2025-11-08 15:52:50 [TP15] [http-nio-8080-exec-10] INFO  m.e.t.service.DemoService - TP15 - Démarrage du traitement des données
2025-11-08 15:52:51 [TP15] [http-nio-8080-exec-10] INFO  m.e.t.service.DemoService - TP15 - Traitement terminé avec succès
2025-11-08 15:52:51 [TP15] [http-nio-8080-exec-1] INFO  m.e.t.service.DemoService - TP15 - Démarrage du traitement des données
2025-11-08 15:52:51 [TP15] [http-nio-8080-exec-1] INFO  m.e.t.service.DemoService - TP15 - Traitement terminé avec succès
2025-11-08 15:52:51 [TP15] [http-nio-8080-exec-3] INFO  m.e.t.service.DemoService - TP15 - Démarrage du traitement des données
2025-11-08 15:52:51 [TP15] [http-nio-8080-exec-3] INFO  m.e.t.service.DemoService - TP15 - Traitement terminé avec succès
2025-11-08 15:52:53 [TP15] [http-nio-8080-exec-2] INFO  m.e.t.service.DemoService - TP15 - Démarrage du traitement des données
2025-11-08 15:52:54 [TP15] [http-nio-8080-exec-2] INFO  m.e.t.service.DemoService - TP15 - Traitement terminé avec succès
2025-11-08 15:52:54 [TP15] [http-nio-8080-exec-5] INFO  m.e.t.service.DemoService - TP15 - Démarrage du traitement des données
2025-11-08 15:52:54 [TP15] [http-nio-8080-exec-5] INFO  m.e.t.service.DemoService - TP15 - Traitement terminé avec succès
2025-11-08 15:52:54 [TP15] [http-nio-8080-exec-6] INFO  m.e.t.service.DemoService - TP15 - Démarrage du traitement des données
2025-11-08 15:52:55 [TP15] [http-nio-8080-exec-6] INFO  m.e.t.service.DemoService - TP15 - Traitement terminé avec succès
2025-11-08 15:52:56 [TP15] [http-nio-8080-exec-8] INFO  m.e.t.service.DemoService - TP15 - Démarrage du traitement des données
2025-11-08 15:52:56 [TP15] [http-nio-8080-exec-8] INFO  m.e.t.service.DemoService - TP15 - Traitement terminé avec succès
2025-11-08 15:52:56 [TP15] [http-nio-8080-exec-9] INFO  m.e.t.service.DemoService - TP15 - Démarrage du traitement des données
2025-11-08 15:52:56 [TP15] [http-nio-8080-exec-9] INFO  m.e.t.service.DemoService - TP15 - Traitement terminé avec succès
2025-11-08 15:52:56 [TP15] [http-nio-8080-exec-7] INFO  m.e.t.service.DemoService - TP15 - Démarrage du traitement des données
2025-11-08 15:52:57 [TP15] [http-nio-8080-exec-7] INFO  m.e.t.service.DemoService - TP15 - Traitement terminé avec succès
2025-11-08 16:06:53 [TP15] [http-nio-8080-exec-7] INFO  m.e.t.service.DemoService - TP15 - Démarrage du traitement des données
2025-11-08 16:06:53 [TP15] [http-nio-8080-exec-7] INFO  m.e.t.service.DemoService - TP15 - Traitement terminé avec succès
2025-11-08 16:06:55 [TP15] [http-nio-8080-exec-10] INFO  m.e.t.service.DemoService - TP15 - Démarrage du traitement des données
2025-11-08 16:06:55 [TP15] [http-nio-8080-exec-10] INFO  m.e.t.service.DemoService - TP15 - Traitement terminé avec succès
2025-11-08 16:06:57 [TP15] [http-nio-8080-exec-3] INFO  m.e.t.service.DemoService - TP15 - Démarrage du traitement des données
2025-11-08 16:06:58 [TP15] [http-nio-8080-exec-3] INFO  m.e.t.service.DemoService - TP15 - Traitement terminé avec succès
2025-11-08 16:07:00 [TP15] [http-nio-8080-exec-4] INFO  m.e.t.service.DemoService - TP15 - Démarrage du traitement des données
2025-11-08 16:07:00 [TP15] [http-nio-8080-exec-4] INFO  m.e.t.service.DemoService - TP15 - Traitement terminé avec succès
2025-11-08 16:07:02 [TP15] [http-nio-8080-exec-2] INFO  m.e.t.service.DemoService - TP15 - Démarrage du traitement des données
2025-11-08 16:07:02 [TP15] [http-nio-8080-exec-2] INFO  m.e.t.service.DemoService - TP15 - Traitement terminé avec succès
2025-11-08 16:07:04 [TP15] [http-nio-8080-exec-6] INFO  m.e.t.service.DemoService - TP15 - Démarrage du traitement des données
2025-11-08 16:07:04 [TP15] [http-nio-8080-exec-6] INFO  m.e.t.service.DemoService - TP15 - Traitement terminé avec succès
2025-11-08 16:07:06 [TP15] [http-nio-8080-exec-8] INFO  m.e.t.service.DemoService - TP15 - Démarrage du traitement des données
2025-11-08 16:07:07 [TP15] [http-nio-8080-exec-8] INFO  m.e.t.service.DemoService - TP15 - Traitement terminé avec succès
2025-11-08 16:07:09 [TP15] [http-nio-8080-exec-7] INFO  m.e.t.service.DemoService - TP15 - Démarrage du traitement des données
2025-11-08 16:07:09 [TP15] [http-nio-8080-exec-7] INFO  m.e.t.service.DemoService - TP15 - Traitement terminé avec succès
2025-11-08 16:07:11 [TP15] [http-nio-8080-exec-10] INFO  m.e.t.service.DemoService - TP15 - Démarrage du traitement des données
2025-11-08 16:07:11 [TP15] [http-nio-8080-exec-10] INFO  m.e.t.service.DemoService - TP15 - Traitement terminé avec succès
2025-11-08 16:07:13 [TP15] [http-nio-8080-exec-3] INFO  m.e.t.service.DemoService - TP15 - Démarrage du traitement des données
2025-11-08 16:07:14 [TP15] [http-nio-8080-exec-3] INFO  m.e.t.service.DemoService - TP15 - Traitement terminé avec succès
2025-11-08 16:15:12 [TP15] [http-nio-8080-exec-10] INFO  m.e.t.service.DemoService - TP15 - Démarrage du traitement des données
2025-11-08 16:15:13 [TP15] [http-nio-8080-exec-10] INFO  m.e.t.service.DemoService - TP15 - Traitement terminé avec succès
2025-11-08 16:15:16 [TP15] [http-nio-8080-exec-1] INFO  m.e.t.service.DemoService - TP15 - Démarrage du traitement des données
2025-11-08 16:15:16 [TP15] [http-nio-8080-exec-1] INFO  m.e.t.service.DemoService - TP15 - Traitement terminé avec succès
2025-11-08 16:15:17 [TP15] [http-nio-8080-exec-4] INFO  m.e.t.service.DemoService - TP15 - Démarrage du traitement des données
2025-11-08 16:15:18 [TP15] [http-nio-8080-exec-4] INFO  m.e.t.service.DemoService - TP15 - Traitement terminé avec succès
2025-11-08 16:15:20 [TP15] [http-nio-8080-exec-2] INFO  m.e.t.service.DemoService - TP15 - Démarrage du traitement des données
2025-11-08 16:15:20 [TP15] [http-nio-8080-exec-2] INFO  m.e.t.service.DemoService - TP15 - Traitement terminé avec succès
2025-11-08 16:15:23 [TP15] [http-nio-8080-exec-6] INFO  m.e.t.service.DemoService - TP15 - Démarrage du traitement des données
2025-11-08 16:15:24 [TP15] [http-nio-8080-exec-6] INFO  m.e.t.service.DemoService - TP15 - Traitement terminé avec succès
2025-11-08 16:15:27 [TP15] [http-nio-8080-exec-8] INFO  m.e.t.service.DemoService - TP15 - Démarrage du traitement des données
2025-11-08 16:15:27 [TP15] [http-nio-8080-exec-8] INFO  m.e.t.service.DemoService - TP15 - Traitement terminé avec succès
2025-11-08 16:15:30 [TP15] [http-nio-8080-exec-7] INFO  m.e.t.service.DemoService - TP15 - Démarrage du traitement des données
2025-11-08 16:15:30 [TP15] [http-nio-8080-exec-7] INFO  m.e.t.service.DemoService - TP15 - Traitement terminé avec succès
2025-11-08 16:15:31 [TP15] [http-nio-8080-exec-10] INFO  m.e.t.service.DemoService - TP15 - Démarrage du traitement des données
2025-11-08 16:15:32 [TP15] [http-nio-8080-exec-10] INFO  m.e.t.service.DemoService - TP15 - Traitement terminé avec succès
2025-11-08 16:15:34 [TP15] [http-nio-8080-exec-3] INFO  m.e.t.service.DemoService - TP15 - Démarrage du traitement des données
2025-11-08 16:15:34 [TP15] [http-nio-8080-exec-3] INFO  m.e.t.service.DemoService - TP15 - Traitement terminé avec succès
2025-11-08 16:15:35 [TP15] [http-nio-8080-exec-4] INFO  m.e.t.service.DemoService - TP15 - Démarrage du traitement des données
2025-11-08 16:15:35 [TP15] [http-nio-8080-exec-4] INFO  m.e.t.service.DemoService - TP15 - Traitement terminé avec succès
2025-11-08 16:15:36 [TP15] [http-nio-8080-exec-2] INFO  m.e.t.service.DemoService - TP15 - Démarrage du traitement des données
2025-11-08 16:15:37 [TP15] [http-nio-8080-exec-2] INFO  m.e.t.service.DemoService - TP15 - Traitement terminé avec succès
2025-11-08 16:15:38 [TP15] [http-nio-8080-exec-6] INFO  m.e.t.service.DemoService - TP15 - Démarrage du traitement des données
2025-11-08 16:15:38 [TP15] [http-nio-8080-exec-6] INFO  m.e.t.service.DemoService - TP15 - Traitement terminé avec succès
2025-11-08 16:15:40 [TP15] [http-nio-8080-exec-8] INFO  m.e.t.service.DemoService - TP15 - Démarrage du traitement des données
2025-11-08 16:15:41 [TP15] [http-nio-8080-exec-8] INFO  m.e.t.service.DemoService - TP15 - Traitement terminé avec succès
2025-11-08 16:15:44 [TP15] [http-nio-8080-exec-7] INFO  m.e.t.service.DemoService - TP15 - Démarrage du traitement des données
2025-11-08 16:15:44 [TP15] [http-nio-8080-exec-7] INFO  m.e.t.service.DemoService - TP15 - Traitement terminé avec succès
2025-11-08 16:15:47 [TP15] [http-nio-8080-exec-10] INFO  m.e.t.service.DemoService - TP15 - Démarrage du traitement des données
2025-11-08 16:15:47 [TP15] [http-nio-8080-exec-10] INFO  m.e.t.service.DemoService - TP15 - Traitement terminé avec succès
2025-11-08 16:21:20 [TP15] [http-nio-8080-exec-7] INFO  m.e.t.service.DemoService - TP15 - Démarrage du traitement des données
2025-11-08 16:21:20 [TP15] [http-nio-8080-exec-7] INFO  m.e.t.service.DemoService - TP15 - Traitement terminé avec succès
2025-11-08 16:21:21 [TP15] [http-nio-8080-exec-10] INFO  m.e.t.service.DemoService - TP15 - Démarrage du traitement des données
2025-11-08 16:21:22 [TP15] [http-nio-8080-exec-10] INFO  m.e.t.service.DemoService - TP15 - Traitement terminé avec succès
2025-11-08 16:21:23 [TP15] [http-nio-8080-exec-3] INFO  m.e.t.service.DemoService - TP15 - Démarrage du traitement des données
2025-11-08 16:21:23 [TP15] [http-nio-8080-exec-3] INFO  m.e.t.service.DemoService - TP15 - Traitement terminé avec succès
2025-11-08 16:21:25 [TP15] [http-nio-8080-exec-4] INFO  m.e.t.service.DemoService - TP15 - Démarrage du traitement des données
2025-11-08 16:21:25 [TP15] [http-nio-8080-exec-4] INFO  m.e.t.service.DemoService - TP15 - Traitement terminé avec succès
2025-11-08 16:21:28 [TP15] [http-nio-8080-exec-5] INFO  m.e.t.service.DemoService - TP15 - Démarrage du traitement des données
2025-11-08 16:21:28 [TP15] [http-nio-8080-exec-5] INFO  m.e.t.service.DemoService - TP15 - Traitement terminé avec succès
2025-11-08 16:21:31 [TP15] [http-nio-8080-exec-6] INFO  m.e.t.service.DemoService - TP15 - Démarrage du traitement des données
2025-11-08 16:21:31 [TP15] [http-nio-8080-exec-6] INFO  m.e.t.service.DemoService - TP15 - Traitement terminé avec succès
2025-11-08 16:21:32 [TP15] [http-nio-8080-exec-9] INFO  m.e.t.service.DemoService - TP15 - Démarrage du traitement des données
2025-11-08 16:21:32 [TP15] [http-nio-8080-exec-9] INFO  m.e.t.service.DemoService - TP15 - Traitement terminé avec succès
2025-11-08 16:21:34 [TP15] [http-nio-8080-exec-7] INFO  m.e.t.service.DemoService - TP15 - Démarrage du traitement des données
2025-11-08 16:21:35 [TP15] [http-nio-8080-exec-7] INFO  m.e.t.service.DemoService - TP15 - Traitement terminé avec succès
2025-11-08 16:21:38 [TP15] [http-nio-8080-exec-1] INFO  m.e.t.service.DemoService - TP15 - Démarrage du traitement des données
2025-11-08 16:21:38 [TP15] [http-nio-8080-exec-1] INFO  m.e.t.service.DemoService - TP15 - Traitement terminé avec succès
2025-11-08 16:21:39 [TP15] [http-nio-8080-exec-3] INFO  m.e.t.service.DemoService - TP15 - Démarrage du traitement des données
2025-11-08 16:21:40 [TP15] [http-nio-8080-exec-3] INFO  m.e.t.service.DemoService - TP15 - Traitement terminé avec succès
2025-11-08 16:21:44 [TP15] [http-nio-8080-exec-2] INFO  m.e.t.service.DemoService - TP15 - Démarrage du traitement des données
2025-11-08 16:21:44 [TP15] [http-nio-8080-exec-2] INFO  m.e.t.service.DemoService - TP15 - Traitement terminé avec succès
2025-11-08 16:21:45 [TP15] [http-nio-8080-exec-5] INFO  m.e.t.service.DemoService - TP15 - Démarrage du traitement des données
2025-11-08 16:21:45 [TP15] [http-nio-8080-exec-5] INFO  m.e.t.service.DemoService - TP15 - Traitement terminé avec succès
2025-11-08 16:21:46 [TP15] [http-nio-8080-exec-6] INFO  m.e.t.service.DemoService - TP15 - Démarrage du traitement des données
2025-11-08 16:21:47 [TP15] [http-nio-8080-exec-6] INFO  m.e.t.service.DemoService - TP15 - Traitement terminé avec succès
2025-11-08 16:21:49 [TP15] [http-nio-8080-exec-9] INFO  m.e.t.service.DemoService - TP15 - Démarrage du traitement des données
2025-11-08 16:21:49 [TP15] [http-nio-8080-exec-9] INFO  m.e.t.service.DemoService - TP15 - Traitement terminé avec succès
2025-11-08 16:21:51 [TP15] [http-nio-8080-exec-7] INFO  m.e.t.service.DemoService - TP15 - Démarrage du traitement des données
2025-11-08 16:21:52 [TP15] [http-nio-8080-exec-7] INFO  m.e.t.service.DemoService - TP15 - Traitement terminé avec succès
2025-11-08 16:21:55 [TP15] [http-nio-8080-exec-1] INFO  m.e.t.service.DemoService - TP15 - Démarrage du traitement des données
2025-11-08 16:21:55 [TP15] [http-nio-8080-exec-1] INFO  m.e.t.service.DemoService - TP15 - Traitement terminé avec succès
2025-11-08 16:21:56 [TP15] [http-nio-8080-exec-3] INFO  m.e.t.service.DemoService - TP15 - Démarrage du traitement des données
2025-11-08 16:21:56 [TP15] [http-nio-8080-exec-3] INFO  m.e.t.service.DemoService - TP15 - Traitement terminé avec succès
2025-11-08 16:21:58 [TP15] [http-nio-8080-exec-2] INFO  m.e.t.service.DemoService - TP15 - Démarrage du traitement des données
2025-11-08 16:21:58 [TP15] [http-nio-8080-exec-2] INFO  m.e.t.service.DemoService - TP15 - Traitement terminé avec succès
2025-11-08 16:22:01 [TP15] [http-nio-8080-exec-5] INFO  m.e.t.service.DemoService - TP15 - Démarrage du traitement des données
2025-11-08 16:22:02 [TP15] [http-nio-8080-exec-5] INFO  m.e.t.service.DemoService - TP15 - Traitement terminé avec succès
2025-11-08 16:22:03 [TP15] [http-nio-8080-exec-8] INFO  m.e.t.service.DemoService - TP15 - Démarrage du traitement des données
2025-11-08 16:22:03 [TP15] [http-nio-8080-exec-8] INFO  m.e.t.service.DemoService - TP15 - Traitement terminé avec succès
